2021-06-11 08:39:36,992 [Worker-1: Loading available Gradle versions] INFO  o.e.b.c.i.u.g.PublishedGradleVersions - Gradle version information cache is out-of-date. Trying to update.
2021-06-11 08:44:11,854 [Worker-10: Creating project "MultiplayerSpel"] INFO  o.e.m.c.i.l.LifecycleMappingFactory - Using org.eclipse.m2e.jdt.JarLifecycleMapping lifecycle mapping for MavenProject: 6IB:MultiplayerSpel:0.0.1-SNAPSHOT @ U:\JavaProg\Game multi\MultiplayerSpel\pom.xml.
2021-06-11 08:44:13,290 [Worker-10: Creating project "MultiplayerSpel"] INFO  o.e.m.j.i.AbstractJavaProjectConfigurator - Adding source folder /MultiplayerSpel/src/main/java
2021-06-11 08:44:13,293 [Worker-10: Creating project "MultiplayerSpel"] INFO  o.e.m.j.i.AbstractJavaProjectConfigurator - Adding resource folder /MultiplayerSpel/src/main/resources
2021-06-11 08:44:13,297 [Worker-10: Creating project "MultiplayerSpel"] INFO  o.e.m.j.i.AbstractJavaProjectConfigurator - Adding source folder /MultiplayerSpel/src/test/java
2021-06-11 08:44:13,299 [Worker-10: Creating project "MultiplayerSpel"] INFO  o.e.m.j.i.AbstractJavaProjectConfigurator - Adding resource folder /MultiplayerSpel/src/test/resources
2021-06-11 08:44:14,776 [Worker-3: Building] WARN  o.e.m.c.i.embedder.EclipseLogger - Using platform encoding (Cp1252 actually) to copy filtered resources, i.e. build is platform dependent!
2021-06-11 08:44:14,815 [Worker-3: Building] INFO  o.e.m.c.i.embedder.EclipseLogger - Copying 0 resource
2021-06-11 08:44:14,818 [Worker-3: Building] WARN  o.e.m.c.i.embedder.EclipseLogger - Using platform encoding (Cp1252 actually) to copy filtered resources, i.e. build is platform dependent!
2021-06-11 08:44:14,826 [Worker-3: Building] INFO  o.e.m.c.i.embedder.EclipseLogger - Copying 0 resource
2021-06-11 08:48:53,580 [Worker-0: Building] WARN  o.e.m.c.i.embedder.EclipseLogger - Using platform encoding (Cp1252 actually) to copy filtered resources, i.e. build is platform dependent!
2021-06-11 08:48:53,596 [Worker-0: Building] INFO  o.e.m.c.i.embedder.EclipseLogger - Copying 0 resource
2021-06-11 08:48:53,598 [Worker-0: Building] WARN  o.e.m.c.i.embedder.EclipseLogger - Using platform encoding (Cp1252 actually) to copy filtered resources, i.e. build is platform dependent!
2021-06-11 08:48:53,605 [Worker-0: Building] INFO  o.e.m.c.i.embedder.EclipseLogger - Copying 0 resource
2021-06-11 08:53:36,505 [Worker-10: Importing Maven projects] INFO  o.e.m.c.i.l.LifecycleMappingFactory - Using org.eclipse.m2e.jdt.JarLifecycleMapping lifecycle mapping for MavenProject: 6IB:MultiplayerSpel:0.0.1-SNAPSHOT @ U:\JavaProg\Game multi\MultiplayerSpel\pom.xml.
2021-06-11 08:53:37,001 [Worker-10: Importing Maven projects] INFO  o.e.m.j.i.AbstractJavaProjectConfigurator - Adding source folder /MultiplayerSpel/src/main/java
2021-06-11 08:53:37,004 [Worker-10: Importing Maven projects] INFO  o.e.m.j.i.AbstractJavaProjectConfigurator - Adding resource folder /MultiplayerSpel/src/main/resources
2021-06-11 08:53:37,007 [Worker-10: Importing Maven projects] INFO  o.e.m.j.i.AbstractJavaProjectConfigurator - Adding source folder /MultiplayerSpel/src/test/java
2021-06-11 08:53:37,010 [Worker-10: Importing Maven projects] INFO  o.e.m.j.i.AbstractJavaProjectConfigurator - Adding resource folder /MultiplayerSpel/src/test/resources
2021-06-11 08:53:37,397 [Worker-10: Importing Maven projects] INFO  o.e.m.c.i.p.ProjectConfigurationManager - Imported and configured 1 project(s) in 1 sec
2021-06-11 08:53:38,397 [Worker-18: Building] WARN  o.e.m.c.i.embedder.EclipseLogger - Using platform encoding (Cp1252 actually) to copy filtered resources, i.e. build is platform dependent!
2021-06-11 08:53:38,408 [Worker-18: Building] INFO  o.e.m.c.i.embedder.EclipseLogger - Copying 0 resource
2021-06-11 08:53:38,412 [Worker-18: Building] WARN  o.e.m.c.i.embedder.EclipseLogger - Using platform encoding (Cp1252 actually) to copy filtered resources, i.e. build is platform dependent!
2021-06-11 08:53:38,419 [Worker-18: Building] INFO  o.e.m.c.i.embedder.EclipseLogger - Copying 0 resource
2021-06-11 08:54:16,099 [Worker-21: Building] WARN  o.e.m.c.i.embedder.EclipseLogger - Using platform encoding (Cp1252 actually) to copy filtered resources, i.e. build is platform dependent!
2021-06-11 08:54:16,112 [Worker-21: Building] INFO  o.e.m.c.i.embedder.EclipseLogger - Copying 0 resource
2021-06-11 08:54:16,115 [Worker-21: Building] WARN  o.e.m.c.i.embedder.EclipseLogger - Using platform encoding (Cp1252 actually) to copy filtered resources, i.e. build is platform dependent!
2021-06-11 08:54:16,122 [Worker-21: Building] INFO  o.e.m.c.i.embedder.EclipseLogger - Copying 0 resource
2021-06-11 08:54:17,151 [Worker-18: Building] WARN  o.e.m.c.i.embedder.EclipseLogger - Using platform encoding (Cp1252 actually) to copy filtered resources, i.e. build is platform dependent!
2021-06-11 08:54:17,160 [Worker-18: Building] INFO  o.e.m.c.i.embedder.EclipseLogger - Copying 0 resource
2021-06-11 08:54:17,163 [Worker-18: Building] WARN  o.e.m.c.i.embedder.EclipseLogger - Using platform encoding (Cp1252 actually) to copy filtered resources, i.e. build is platform dependent!
2021-06-11 08:54:17,170 [Worker-18: Building] INFO  o.e.m.c.i.embedder.EclipseLogger - Copying 0 resource
